<?xml version="1.0" encoding="UTF-8"?>
<testng-results ignored="0" total="3" passed="3" failed="0" skipped="0">
  <reporter-output>
  </reporter-output>
  <suite started-at="2021-04-12T00:24:26 IST" name="Default suite" finished-at="2021-04-12T00:24:32 IST" duration-ms="6101">
    <groups>
    </groups>
    <test started-at="2021-04-12T00:24:26 IST" name="Default test" finished-at="2021-04-12T00:24:32 IST" duration-ms="6101">
      <class name="firsttestngpackage.FirstTestNGFile">
        <test-method signature="b()[pri:1, instance:firsttestngpackage.FirstTestNGFile@2415fc55]" started-at="2021-04-12T00:24:26 IST" name="b" finished-at="2021-04-12T00:24:26 IST" duration-ms="109" status="PASS">
          <reporter-output>
          </reporter-output>
        </test-method> <!-- b -->
        <test-method signature="a()[pri:2, instance:firsttestngpackage.FirstTestNGFile@2415fc55]" started-at="2021-04-12T00:24:27 IST" name="a" finished-at="2021-04-12T00:24:27 IST" duration-ms="5" status="PASS">
          <reporter-output>
          </reporter-output>
        </test-method> <!-- a -->
        <test-method signature="VerifyTitle()[pri:3, instance:firsttestngpackage.FirstTestNGFile@2415fc55]" started-at="2021-04-12T00:24:27 IST" name="VerifyTitle" finished-at="2021-04-12T00:24:32 IST" duration-ms="5801" status="PASS">
          <reporter-output>
          </reporter-output>
        </test-method> <!-- VerifyTitle -->
      </class> <!-- firsttestngpackage.FirstTestNGFile -->
    </test> <!-- Default test -->
  </suite> <!-- Default suite -->
</testng-results>
