<?xml version="1.0" encoding="UTF-8"?>
<!-- Generated by org.testng.reporters.JUnitXMLReporter -->
<testsuite ignored="0" hostname="LAPTOP-P7DRFVS3" failures="0" tests="3" name="Default test" time="6.101" errors="0" timestamp="2021-04-12T00:24:32 IST">
  <testcase classname="firsttestngpackage.FirstTestNGFile" name="b" time="0.109"/>
  <testcase classname="firsttestngpackage.FirstTestNGFile" name="a" time="0.005"/>
  <testcase classname="firsttestngpackage.FirstTestNGFile" name="VerifyTitle" time="5.801"/>
</testsuite> <!-- Default test -->
