<?xml version="1.0" encoding="UTF-8"?>
<!-- Generated by org.testng.reporters.JUnitXMLReporter -->
<testsuite ignored="0" hostname="LAPTOP-P7DRFVS3" failures="0" tests="3" name="FirstTest" time="6.277" errors="0" timestamp="2021-04-11T19:51:44 IST">
  <testcase classname="firsttestngpackage.FirstTestNGFile" name="b" time="0.012"/>
  <testcase classname="firsttestngpackage.FirstTestNGFile" name="a" time="0.001"/>
  <testcase classname="firsttestngpackage.FirstTestNGFile" name="VerifyTitle" time="6.214"/>
</testsuite> <!-- FirstTest -->
